





2015-10-26 15:52:10:o4tLktx8tzH0ZlTpwZYPxgmflo58





2015-10-26 16:04:13:o4tLkt1hG4FPpxQClZLi4y7SZv5s





2015-10-26 16:05:46:o4tLkt1hG4FPpxQClZLi4y7SZv5s





2015-10-27 14:31:46:o4tLkt5vNZEr5tHuD2rajeASvx-Y





2015-10-27 14:40:03:o4tLkt5vNZEr5tHuD2rajeASvx-Y





2015-10-27 14:40:16:o4tLkt5vNZEr5tHuD2rajeASvx-Y





2015-10-27 14:43:51:o4tLkt5vNZEr5tHuD2rajeASvx-Y





2015-10-27 14:44:27:o4tLkt5vNZEr5tHuD2rajeASvx-Y





2015-10-27 15:23:37:o4tLktx8tzH0ZlTpwZYPxgmflo58





2015-10-27 15:29:00:o4tLktx8tzH0ZlTpwZYPxgmflo58





2015-10-27 15:38:28:o4tLkt5vNZEr5tHuD2rajeASvx-Y





2015-10-27 15:38:33:o4tLkt5vNZEr5tHuD2rajeASvx-Y





2015-10-27 16:55:41:o4tLkt6vjqqeUbyvfqozxkceUDxM





2015-10-27 16:55:41:o4tLkt6vjqqeUbyvfqozxkceUDxM





2015-10-27 16:56:21:o4tLkt6vjqqeUbyvfqozxkceUDxM





2015-10-27 22:55:53:o4tLktxP16drIjQA_qBZiWN0YzLM





2015-10-28 11:29:11:o4tLkt6vNhFDDvEw-8JeS4hTZ-tI





2015-10-28 12:12:03:o4tLkt6vjqqeUbyvfqozxkceUDxM





2015-10-28 14:23:38:o4tLkt3Wa4yydufXJgwIEjZIpA_k





2015-10-28 20:14:43:o4tLkt6oWHGmBONId8-gBQD8_VSM





2015-10-30 09:53:07:o4tLktx8tzH0ZlTpwZYPxgmflo58





2015-10-30 10:27:45:o4tLkt-At4nOS9zWNupzD0dHjkTI





2015-10-30 11:04:54:o4tLktx8tzH0ZlTpwZYPxgmflo58





2015-10-30 11:05:01:o4tLktx8tzH0ZlTpwZYPxgmflo58





2015-10-30 11:05:29:o4tLktx8tzH0ZlTpwZYPxgmflo58





2015-10-30 11:10:13:o4tLktx8tzH0ZlTpwZYPxgmflo58





2015-10-30 11:10:23:o4tLktx8tzH0ZlTpwZYPxgmflo58





2015-10-30 11:10:59:o4tLktx8tzH0ZlTpwZYPxgmflo58





2015-10-30 11:11:09:o4tLktx8tzH0ZlTpwZYPxgmflo58





2015-10-30 11:12:41:o4tLkt5vNZEr5tHuD2rajeASvx-Y





2015-10-30 11:13:15:o4tLkt5vNZEr5tHuD2rajeASvx-Y





2015-10-30 11:16:56:o4tLktx8tzH0ZlTpwZYPxgmflo58





2015-10-30 11:17:13:o4tLktx8tzH0ZlTpwZYPxgmflo58





2015-10-30 11:19:45:o4tLkt3Wa4yydufXJgwIEjZIpA_k





2015-10-30 11:20:58:o4tLktx8tzH0ZlTpwZYPxgmflo58





2015-10-30 11:21:19:o4tLkt3Wa4yydufXJgwIEjZIpA_k





2015-11-05 14:36:16:o4tLktx8tzH0ZlTpwZYPxgmflo58





2015-11-05 15:05:29:o4tLktx8tzH0ZlTpwZYPxgmflo58





2015-11-05 19:13:18:o4tLkt5vNZEr5tHuD2rajeASvx-Y





2015-11-05 19:14:19:o4tLkt5vNZEr5tHuD2rajeASvx-Y





2015-11-05 19:14:31:o4tLkt5vNZEr5tHuD2rajeASvx-Y





2015-11-05 19:15:19:o4tLkt5vNZEr5tHuD2rajeASvx-Y





2015-11-05 19:20:42:o4tLkt5vNZEr5tHuD2rajeASvx-Y





2015-11-05 19:21:53:o4tLkt5vNZEr5tHuD2rajeASvx-Y





2015-11-05 19:32:18:o4tLkt5vNZEr5tHuD2rajeASvx-Y





2015-11-05 21:30:50:o4tLkt5vNZEr5tHuD2rajeASvx-Y





2015-11-05 21:31:03:o4tLkt5vNZEr5tHuD2rajeASvx-Y





2015-11-06 06:55:38:o4tLktx8tzH0ZlTpwZYPxgmflo58





2015-11-06 10:12:51:o4tLkt6vjqqeUbyvfqozxkceUDxM





2015-11-06 10:31:19:o4tLktx8tzH0ZlTpwZYPxgmflo58





2015-11-06 10:46:53:o4tLktx8tzH0ZlTpwZYPxgmflo58





2015-11-06 10:59:18:o4tLktx8tzH0ZlTpwZYPxgmflo58





2015-11-06 16:46:44:o4tLkt5vNZEr5tHuD2rajeASvx-Y





2015-11-06 16:48:22:o4tLkt5vNZEr5tHuD2rajeASvx-Y





2015-11-06 16:50:00:o4tLktx8tzH0ZlTpwZYPxgmflo58





2015-11-06 16:54:16:o4tLkt5vNZEr5tHuD2rajeASvx-Y





2015-11-06 16:54:40:o4tLktx8tzH0ZlTpwZYPxgmflo58





2015-11-06 16:55:41:o4tLktx8tzH0ZlTpwZYPxgmflo58





2015-11-06 16:56:01:o4tLktx8tzH0ZlTpwZYPxgmflo58





2015-11-06 16:57:38:o4tLkt6vjqqeUbyvfqozxkceUDxM





2015-11-06 16:58:02:o4tLkt1hG4FPpxQClZLi4y7SZv5s





2015-11-06 16:58:18:o4tLktx8tzH0ZlTpwZYPxgmflo58





2015-11-06 16:58:23:o4tLkt6vjqqeUbyvfqozxkceUDxM





2015-11-06 17:06:30:o4tLkt5vNZEr5tHuD2rajeASvx-Y





2015-11-06 17:06:57:o4tLktx8tzH0ZlTpwZYPxgmflo58





2015-11-06 17:07:54:o4tLktx8tzH0ZlTpwZYPxgmflo58





2015-11-06 17:08:29:o4tLktx8tzH0ZlTpwZYPxgmflo58





2015-11-06 17:08:55:o4tLkt5vNZEr5tHuD2rajeASvx-Y





2015-11-06 17:09:24:o4tLkt5vNZEr5tHuD2rajeASvx-Y





2015-11-06 17:10:29:o4tLkt1Dso2c240l4gbgwSluAFKw





2015-11-06 17:12:06:o4tLktx8tzH0ZlTpwZYPxgmflo58





2015-11-06 17:12:13:o4tLkt5vNZEr5tHuD2rajeASvx-Y





2015-11-06 17:12:16:o4tLktx8tzH0ZlTpwZYPxgmflo58





2015-11-06 17:12:24:o4tLkt5vNZEr5tHuD2rajeASvx-Y





2015-11-06 17:12:44:o4tLkt5vNZEr5tHuD2rajeASvx-Y





2015-11-06 17:13:40:o4tLkt5vNZEr5tHuD2rajeASvx-Y





2015-11-06 17:13:42:o4tLktx8tzH0ZlTpwZYPxgmflo58





2015-11-06 17:13:49:o4tLkt5vNZEr5tHuD2rajeASvx-Y





2015-11-06 17:14:13:o4tLkt5vNZEr5tHuD2rajeASvx-Y





2015-11-06 17:14:20:o4tLktx8tzH0ZlTpwZYPxgmflo58





2015-11-06 17:14:37:o4tLktx8tzH0ZlTpwZYPxgmflo58





2015-11-06 17:14:51:o4tLkt5vNZEr5tHuD2rajeASvx-Y





2015-11-06 17:14:57:o4tLkt1Dso2c240l4gbgwSluAFKw





2015-11-06 17:15:28:o4tLkt5vNZEr5tHuD2rajeASvx-Y





2015-11-06 17:15:44:o4tLkt1Dso2c240l4gbgwSluAFKw





2015-11-06 17:16:10:o4tLkt5vNZEr5tHuD2rajeASvx-Y





2015-11-06 17:16:40:o4tLkt5vNZEr5tHuD2rajeASvx-Y





2015-11-06 17:16:51:o4tLkt1Dso2c240l4gbgwSluAFKw





2015-11-06 17:17:04:o4tLkt5vNZEr5tHuD2rajeASvx-Y





2015-11-06 17:17:22:o4tLkt5vNZEr5tHuD2rajeASvx-Y





2015-11-06 17:17:45:o4tLkt1Dso2c240l4gbgwSluAFKw





2015-11-06 17:17:55:o4tLktx8tzH0ZlTpwZYPxgmflo58





2015-11-06 17:18:11:o4tLkt1Dso2c240l4gbgwSluAFKw





2015-11-06 17:18:29:o4tLkt1Dso2c240l4gbgwSluAFKw





2015-11-06 17:18:53:o4tLkt5vNZEr5tHuD2rajeASvx-Y





2015-11-06 17:19:28:o4tLkt5vNZEr5tHuD2rajeASvx-Y





2015-11-06 17:21:36:o4tLkt1hG4FPpxQClZLi4y7SZv5s





2015-11-06 17:23:51:o4tLkt5vNZEr5tHuD2rajeASvx-Y





2015-11-06 17:24:43:o4tLkt5vNZEr5tHuD2rajeASvx-Y





2015-11-06 17:24:47:o4tLkt1Dso2c240l4gbgwSluAFKw





2015-11-06 17:25:48:o4tLkt5vNZEr5tHuD2rajeASvx-Y





2015-11-06 17:26:10:o4tLkt5vNZEr5tHuD2rajeASvx-Y





2015-11-06 17:26:34:o4tLkt5vNZEr5tHuD2rajeASvx-Y





2015-11-06 17:26:49:o4tLkt5vNZEr5tHuD2rajeASvx-Y





2015-11-06 17:27:05:o4tLkt5vNZEr5tHuD2rajeASvx-Y





2015-11-06 17:27:20:o4tLktx8tzH0ZlTpwZYPxgmflo58





2015-11-06 17:27:21:o4tLkt5vNZEr5tHuD2rajeASvx-Y





2015-11-06 17:28:18:o4tLkt5vNZEr5tHuD2rajeASvx-Y





2015-11-06 17:28:34:o4tLkt1hG4FPpxQClZLi4y7SZv5s





2015-11-06 17:28:37:o4tLkt6vjqqeUbyvfqozxkceUDxM





2015-11-06 17:28:54:o4tLkt6vjqqeUbyvfqozxkceUDxM





2015-11-06 17:29:12:o4tLkt6vjqqeUbyvfqozxkceUDxM





2015-11-06 17:29:31:o4tLktx8tzH0ZlTpwZYPxgmflo58





2015-11-06 17:29:59:o4tLkt1Dso2c240l4gbgwSluAFKw





2015-11-06 17:30:29:o4tLkt5vNZEr5tHuD2rajeASvx-Y





2015-11-06 17:31:50:o4tLkt5vNZEr5tHuD2rajeASvx-Y





2015-11-06 17:32:16:o4tLkt1Dso2c240l4gbgwSluAFKw





2015-11-06 17:33:11:o4tLkt1Dso2c240l4gbgwSluAFKw





2015-11-06 17:33:38:o4tLkt1Dso2c240l4gbgwSluAFKw





2015-11-06 21:33:48:o4tLkt7WF8f9G-tumdMKCukHK7_w





2015-11-06 22:30:56:o4tLkt5vNZEr5tHuD2rajeASvx-Y





2015-11-07 11:44:32:o4tLkt3Wa4yydufXJgwIEjZIpA_k





2015-11-07 11:49:28:o4tLkt3Wa4yydufXJgwIEjZIpA_k





2015-11-07 11:54:22:o4tLkt5vNZEr5tHuD2rajeASvx-Y





2015-11-09 12:18:19:o4tLkt5vNZEr5tHuD2rajeASvx-Y





2015-11-10 13:16:41:o4tLkt3Liog6GAEWxU2dbwR_gTBw





2015-11-10 13:17:13:o4tLkt3Liog6GAEWxU2dbwR_gTBw





2015-11-10 14:03:29:o4tLkt5cRFxT4F3OJC3spqzzjNOw





2015-11-10 15:09:35:o4tLkt3Liog6GAEWxU2dbwR_gTBw





2015-11-10 17:13:21:o4tLkt5vNZEr5tHuD2rajeASvx-Y





2015-11-10 17:14:53:o4tLkt5vNZEr5tHuD2rajeASvx-Y





2015-11-10 17:16:36:o4tLkt5vNZEr5tHuD2rajeASvx-Y





2015-11-10 20:00:47:o4tLktx0kVV2oXs3e15R-3Jh7Qf8





2015-11-11 08:44:53:o4tLktzIDMm0JU8pDzkcx1A2rtJ4





2015-11-11 20:51:29:o4tLkt-h-_icuk0wpYZohC7TlwBg





2015-11-11 20:51:39:o4tLkt-h-_icuk0wpYZohC7TlwBg





2015-11-11 23:02:04:o4tLkt5vNZEr5tHuD2rajeASvx-Y





2015-11-13 15:41:28:o4tLktw1uvrisFAm5TOQhymAmW0I





2015-11-14 17:06:39:o4tLkt162bjF6pPgaRp8v6Yk8-5s





2015-11-14 18:45:27:o4tLkt0_RuBfiJAzG38COdpOhu34





2015-11-14 23:43:04:o4tLktxXMqLrEadxXpp1KjCNh_aM





2015-11-14 23:43:04:o4tLktxXMqLrEadxXpp1KjCNh_aM





2015-11-15 10:35:21:o4tLkt2YTsTASMRfACkQ_Yagmbxs





2015-11-15 15:52:34:o4tLkt5D0mibJAEEPm53z1RDGipM





2015-11-16 12:51:28:o4tLkt64RaJgixfb8WipkWl92Nx0





2015-11-16 13:18:54:o4tLktwUHToIaDX4DcTf9gmRegXQ





2015-11-16 13:19:36:o4tLktwUHToIaDX4DcTf9gmRegXQ





2015-11-16 14:21:25:o4tLkty15A4xSTzQPfU3R37gPH9U





2015-11-16 15:53:49:o4tLktxGkqzw6vHahsVQh4XXwnX4





2015-11-16 16:05:26:o4tLkt612Xvx3F2jbbdIODmIXqQ0





2015-11-16 16:39:02:o4tLktyV7riHI_wrRPv8mptLHDWs





2015-11-16 20:31:13:o4tLkt5kf5rNOwrF3n-rg_8T6U40





2015-11-16 21:39:51:o4tLkt7L-lVYUvAUONENAP081_n8





2015-11-17 08:43:13:o4tLkty15A4xSTzQPfU3R37gPH9U





2015-11-17 11:17:16:o4tLkt_gB9HNt24C19a07PvHZM6M





2015-11-17 13:29:54:o4tLkt1lGltEtlxLwo8TuAc1gBQc





2015-11-17 13:34:25:o4tLkt4Yj4i4ha_qbPwRIS534SHI





2015-11-17 18:15:40:o4tLkt3H_yyetux253QSsHrL1jv4





2015-11-18 03:28:00:o4tLkt_TQpOi1r49U0Hnai2uDQwE





2015-11-18 06:34:14:o4tLkt_D2kOPnwZ1Tjw67YEKs_BE





2015-11-18 09:07:53:o4tLkt_1Hu3WJ7fATuX2U3Fv2yQE





2015-11-18 09:20:05:o4tLktxtd19y-ry1vHSdp98vgHOc





2015-11-18 09:49:18:o4tLkt6poPlB_bPKQV0w6P6uiJ54





2015-11-18 16:44:15:o4tLkt_uB2kDWkxl_-Ty1ftY6blU





2015-11-18 16:44:41:o4tLkt_uB2kDWkxl_-Ty1ftY6blU





2015-11-18 17:05:19:o4tLkt_yLoTWyzUkMTgpkCMfiLmY





2015-11-18 19:37:41:o4tLkt6briZeywmW_WtI_Cn14tCM





2015-11-18 20:08:21:o4tLkt38owoYKcJ6kD8V4PubjKrY





2015-11-18 20:08:41:o4tLkt38owoYKcJ6kD8V4PubjKrY





2015-11-18 20:59:18:o4tLkt4tYVfqBFM-v-pOZjOS3UnY





2015-11-18 21:00:19:o4tLktzq0P5ETvt99_hPNPUM9iqs





2015-11-18 21:21:40:o4tLkt7SZ6eoLBFFWiO46ovVG7mg





2015-11-18 22:52:23:o4tLkt5Ta9Er7cV_F7skqci_05VI





2015-11-19 06:52:10:o4tLkt7f4Grae94yxOSM_4oMKf-g





2015-11-19 08:52:44:o4tLkt2q33JZv9EVk9PJ5LtEqGrs





2015-11-19 09:32:51:o4tLkt6FvpazwGZimxsBkfM5lNs8





2015-11-19 11:05:51:o4tLkt63JgO3-3Sr7HVJbMB_ycTU





2015-11-19 14:28:05:o4tLkt8XN36Au6XcE7Lhsbq6Ork4





2015-11-19 15:29:06:o4tLktzMTgbwZL4ye-4tr9tUkbUI





2015-11-19 17:06:56:o4tLkt1m5_ZnmZkRlLgowt2-mHHo





2015-11-19 17:39:33:o4tLktzkFcsd6qs6Xy_MUEehJul0





2015-11-19 20:32:09:o4tLktwkEkfeaMQ7LYp_b5CP6aqw





2015-11-20 00:28:52:o4tLkt0eoFcLUnQYIkMFrcRCBL9o





2015-11-20 10:33:57:o4tLktyhLYWqa0aBV7NhbVlfOZks





2015-11-20 17:46:51:o4tLkt3osTlIr51m7VXDXUw-7w1Q





2015-11-20 17:46:52:o4tLkt3osTlIr51m7VXDXUw-7w1Q





2015-11-20 17:47:01:o4tLkt3osTlIr51m7VXDXUw-7w1Q





2015-11-20 17:47:08:o4tLkt3osTlIr51m7VXDXUw-7w1Q





2015-11-21 15:03:36:o4tLkt4Tz1yCYUPquH9lT3B-OufY





2015-11-21 20:08:36:o4tLkt596BLQfud5tkKA00ceAs2g





2015-11-21 22:33:13:o4tLkt7lqL4bqrC6M2_1LQbVcz70





2015-11-21 22:38:40:o4tLkt8mrjb_kHIpgQve-CRyxt-4





2015-11-21 23:33:09:o4tLkt9yQUdcxEMy255ptjeTNOv8





2015-11-22 06:42:04:o4tLktxgLCKsrfXyqBiTchWWH8Q0





2015-11-22 06:42:09:o4tLktxgLCKsrfXyqBiTchWWH8Q0





2015-11-22 13:42:52:o4tLkt9UJfrxmGb2sprq5HJxRZn4





2015-11-22 18:41:47:o4tLkt9qzbk7fQAhvxS2msiuIPGk





2015-11-22 22:54:10:o4tLkt0JeSSJZQoohXG6WlpkzcwA





2015-11-23 12:44:41:o4tLktyPicdXaTIixInlkuM5knFA





2015-11-23 13:16:22:o4tLkt2Pm8OopQWkMLI9kI7FWznQ





2015-11-23 13:29:32:o4tLktweevOJxeLu44mP9krFSXX4





2015-11-23 16:12:02:o4tLkt3MJt0RunQ8psAc4K9jJQ78





2015-11-23 18:13:24:o4tLktxnbMb2myJg5Uuym8QMQQZ4





2015-11-23 20:17:09:o4tLktxFsTfQHSJF4KqDAgSvWUpI





2015-11-24 02:38:52:o4tLktweevOJxeLu44mP9krFSXX4





2015-11-24 10:09:57:o4tLkt1_-Qqnk_8FfdFFfshrRqrg





2015-11-24 16:37:45:o4tLkt1_-Qqnk_8FfdFFfshrRqrg





2015-11-24 17:58:09:o4tLkt2YTsTASMRfACkQ_Yagmbxs





2015-11-24 18:43:44:o4tLkt5vNZEr5tHuD2rajeASvx-Y





2015-11-24 20:12:34:o4tLkt1_-Qqnk_8FfdFFfshrRqrg





2015-11-24 22:48:07:o4tLkt6pGNR0KYrVQ0dpDzy4z7Qs





2015-11-24 22:58:22:o4tLkt3ldLh8h0mx8sk2dkrsgLXg





2015-11-24 22:58:33:o4tLkt3ldLh8h0mx8sk2dkrsgLXg





2015-11-25 09:41:55:o4tLkt3KHDk-aHoBtitJcsNeRTTI





2015-11-25 11:17:16:o4tLkty-6sfTR3hPj-frdd-dDo_Y





2015-11-25 12:21:10:o4tLkty-6sfTR3hPj-frdd-dDo_Y





2015-11-25 15:00:50:o4tLkt5xi9kCk8amApe1l6_Zsmp0





2015-11-25 15:07:29:o4tLkt_Os2PcSJ6chuGcvDz-B1wg





2015-11-25 17:32:14:o4tLkt3ldLh8h0mx8sk2dkrsgLXg





2015-11-25 21:34:04:o4tLkt4rj9UrG1dPgavkWrYN7_zk





2015-11-26 00:01:08:o4tLkt_Y-th9MlgPTZlywIda9uLI





2015-11-26 00:01:53:o4tLkt_Y-th9MlgPTZlywIda9uLI





2015-11-26 15:19:42:o4tLkt4rpntDbzJC1vAGxyD9I0wg





2015-11-26 17:39:35:o4tLkt9X_Z3mjTj319yA282CjVmw





2015-11-26 18:50:04:o4tLkt3owLpwfS8v5In2165j74C4





2015-11-26 20:14:15:o4tLkt1czmkJOVRWYdfmoZfyr3Lg





2015-11-26 20:50:33:o4tLkt_PEsTB6VOHnW42i8QvRalg





2015-11-27 16:29:25:o4tLkt_T4NNHCs6WYg9UAH5QF0QY





2015-11-27 21:56:24:o4tLkt6RnmMN68rWP9fgjcz61bPA





2015-11-27 22:11:34:o4tLktyhAc-10xp8HdYTFsE-cJSE





2015-11-28 10:02:50:o4tLkt9xvgICO1mVKE81zXZ4T8oQ





2015-11-28 23:11:29:o4tLkt8v1PX6SB-UgtDCG56srrCM





2015-11-28 23:34:44:o4tLktxFs_dphHZ8Tey1diq4kKwg





2015-11-30 01:00:44:o4tLkt4q0Z0qc6rmSgqzip2f80hw





2015-11-30 09:43:48:o4tLkt3kLwGSLE5Ad-wGBKyJtl0c





2015-12-01 03:15:21:o4tLkt_bX1qcffMBLbHQzNGIpx1c





2015-12-01 13:39:27:o4tLkt_VzEyMxs7OwzyKxfB-RRtQ





2015-12-02 17:08:36:o4tLkt3HnM7lf51AtUsdxDf217zY





2015-12-02 20:30:02:o4tLkt5MWXuYA06sp_IsiDxUTxDc





2015-12-03 14:03:56:o4tLkt9uph2dEXoy68bSF2ZCWmzI





2015-12-03 15:38:16:o4tLkt-GKLyhzzR-F8_j6qsW2-cA





2015-12-03 23:29:41:o4tLkt9J3zOYHA7rpFUlACSZWmR8





2015-12-04 00:56:10:o4tLkt20QeIPBG6ICcrB50G14ldQ





2015-12-04 17:19:31:o4tLkt37V0-PkTPiZ0KF1HYxEv4U





2015-12-04 18:05:08:o4tLkt_RRxHln4t-gOJ2j2a6OiFc





2015-12-04 18:05:29:o4tLkt_RRxHln4t-gOJ2j2a6OiFc





2015-12-05 17:15:33:o4tLkt20QeIPBG6ICcrB50G14ldQ





2015-12-05 20:05:41:o4tLkt1_-Qqnk_8FfdFFfshrRqrg





2015-12-05 20:11:00:o4tLkt1_-Qqnk_8FfdFFfshrRqrg





2015-12-06 15:10:54:o4tLkt2uASGHWsEOuztYo4kNSTBc





2015-12-07 09:23:47:o4tLkt3avicb7_XtkrMmWe6KhExQ





2015-12-07 13:28:04:o4tLkt6PLLQaLuBQYD1zwwo5Ca4M





2015-12-07 13:28:40:o4tLkt6PLLQaLuBQYD1zwwo5Ca4M





2015-12-07 13:28:40:o4tLkt6PLLQaLuBQYD1zwwo5Ca4M





2015-12-07 13:29:05:o4tLkt6PLLQaLuBQYD1zwwo5Ca4M





2015-12-07 15:51:25:o4tLkt1Dso2c240l4gbgwSluAFKw





2015-12-08 02:23:05:o4tLkt1VMncLOgEkBmMc9WIwJw6Q





2015-12-09 09:26:56:o4tLkt6PLLQaLuBQYD1zwwo5Ca4M





2015-12-09 09:27:59:o4tLkt6PLLQaLuBQYD1zwwo5Ca4M





2015-12-09 11:02:28:o4tLkt6PLLQaLuBQYD1zwwo5Ca4M





2015-12-09 13:55:57:o4tLktzBy4gBm1FPxZ6n0pDJMfv0





2015-12-09 14:04:12:o4tLkt1Dso2c240l4gbgwSluAFKw





2015-12-09 14:04:35:o4tLkt1Dso2c240l4gbgwSluAFKw





2015-12-09 14:04:39:o4tLkt1Dso2c240l4gbgwSluAFKw





2015-12-10 11:49:34:o4tLkt1Dso2c240l4gbgwSluAFKw





2015-12-11 15:04:15:o4tLktwsjcogAqsQ_YDoVRX9DEuM





2015-12-12 20:38:46:o4tLkt2Hd29ILikXhq1awzBC73-A





2015-12-12 20:39:06:o4tLkt2Hd29ILikXhq1awzBC73-A





2015-12-13 02:38:59:o4tLkt9EWoyO1ColyRdU-jSM1ZnM





2015-12-13 16:43:04:o4tLkt85RQCmTt4hTuLceYBERbDE





2015-12-13 16:43:45:o4tLkt85RQCmTt4hTuLceYBERbDE





2015-12-14 04:10:29:o4tLkt8lQ0zLGhUT_3YNkr_VxfbU





2015-12-14 15:23:17:o4tLkt7qHBL1AD8RV4IN8AeaBYi8





2015-12-14 21:30:43:o4tLkt6PLLQaLuBQYD1zwwo5Ca4M





2015-12-14 21:31:04:o4tLkt6PLLQaLuBQYD1zwwo5Ca4M





2015-12-15 08:01:19:o4tLkty15A4xSTzQPfU3R37gPH9U





2015-12-15 09:59:56:o4tLktwEE0QKvPichem4TqMJhSdY





2015-12-16 12:43:14:o4tLkt7egQ3mbnwC74WoAK54M7hA





2015-12-16 18:08:27:o4tLkt5vNZEr5tHuD2rajeASvx-Y





2015-12-16 19:28:03:o4tLkt37uccQvlaXF3meDNNScBjE





2015-12-18 00:00:40:o4tLkt5vNZEr5tHuD2rajeASvx-Y





2015-12-18 00:55:21:o4tLktxFsTfQHSJF4KqDAgSvWUpI





2015-12-18 08:28:22:o4tLkt8dw_VJ0g-v4UNwXhXQZfDk





2015-12-18 10:35:12:o4tLktySwnzRNZBn2vbRmjy0f168





2015-12-18 18:42:27:o4tLkt0rabbspkexMKcIQeFb58dA





2015-12-18 18:42:34:o4tLkt0rabbspkexMKcIQeFb58dA





2015-12-19 09:15:07:o4tLktxCXsX443XXGLRp7LeI3FZ8





2015-12-20 00:56:11:o4tLkt2Tg2HhIvONzAQZ2Hna-erk





2015-12-21 07:11:03:o4tLkt1_-Qqnk_8FfdFFfshrRqrg





2015-12-21 08:54:48:o4tLkt74nl6awtiD0pxX-NPUTuKw





2015-12-21 14:47:44:o4tLkt3ldLh8h0mx8sk2dkrsgLXg





2015-12-21 22:01:57:o4tLktx8rJ6tc96gQUvokk-Iv8Co





2015-12-21 22:02:10:o4tLktx8rJ6tc96gQUvokk-Iv8Co





2015-12-21 22:10:29:o4tLkt0UOepi7HZ1QcOpNTvNNHqQ





2015-12-21 22:43:23:o4tLktyj0ins-rRouIUM8nAIGV2Y